<?xml version="1.0" encoding="UTF-8"?>
<testsuite name="runner.QA_runner" time="133.74" tests="1" errors="0" skipped="0" failures="0">
  <properties>
    <property name="JOB_NAME" value="AddUser"/>
    <property name="java.vendor" value="Oracle Corporation"/>
    <property name="sun.java.launcher" value="SUN_STANDARD"/>
    <property name="RUN_TESTS_DISPLAY_URL" value="http://localhost:8080/job/AddUser/2/display/redirect?page=tests"/>
    <property name="NUMBER_OF_PROCESSORS" value="4"/>
    <property name="sun.management.compiler" value="HotSpot 64-Bit Tiered Compilers"/>
    <property name="JENKINS_HOME" value="C:\Users\pande\.jenkins"/>
    <property name="FPS_BROWSER_USER_PROFILE_STRING" value="Default"/>
    <property name="HUDSON_SERVER_COOKIE" value="284acee7522cb95d"/>
    <property name="POM_ARTIFACTID" value="QA_Touch_v1"/>
    <property name="os.name" value="Windows 10"/>
    <property name="EXECUTOR_NUMBER" value="1"/>
    <property name="sun.desktop" value="windows"/>
    <property name="PATHEXT" value=".COM;.EXE;.BAT;.CMD;.VBS;.VBE;.JS;.JSE;.WSF;.WSH;.MSC"/>
    <property name="POM_DISPLAYNAME" value="QA_Touch_v1"/>
    <property name="java.vm.specification.vendor" value="Oracle Corporation"/>
    <property name="TEMP" value="C:\Users\pande\AppData\Local\Temp"/>
    <property name="NODE_LABELS" value="master"/>
    <property name="java.runtime.version" value="11.0.10+8-LTS-162"/>
    <property name="FPS_BROWSER_APP_PROFILE_STRING" value="Internet Explorer"/>
    <property name="user.name" value="Pandey"/>
    <property name="guice.disable.misplaced.annotation.check" value="true"/>
    <property name="CommonProgramW6432" value="C:\Program Files\Common Files"/>
    <property name="ProgramFiles" value="C:\Program Files"/>
    <property name="PROMPT" value="$P$G"/>
    <property name="user.language" value="en"/>
    <property name="JOB_BASE_NAME" value="AddUser"/>
    <property name="RUN_CHANGES_DISPLAY_URL" value="http://localhost:8080/job/AddUser/2/display/redirect?page=changes"/>
    <property name="BUILD_DISPLAY_NAME" value="#2"/>
    <property name="OneDrive" value="C:\Users\pande\OneDrive"/>
    <property name="sun.boot.library.path" value="C:\Program Files\Java\jdk-11.0.10\bin"/>
    <property name="java.vm.compressedOopsMode" value="32-bit"/>
    <property name="LOCALAPPDATA" value="C:\Users\pande\AppData\Local"/>
    <property name="java.version" value="11.0.10"/>
    <property name="user.timezone" value="Asia/Calcutta"/>
    <property name="PROCESSOR_LEVEL" value="6"/>
    <property name="USERNAME" value="Pandey"/>
    <property name="sun.arch.data.model" value="64"/>
    <property name="NODE_NAME" value="master"/>
    <property name="OneDriveConsumer" value="C:\Users\pande\OneDrive"/>
    <property name="BUILD_ID" value="2"/>
    <property name="sun.cpu.isalist" value="amd64"/>
    <property name="sun.jnu.encoding" value="Cp1252"/>
    <property name="maven.conf" value="C:\Users\pande\.jenkins\tools\hudson.tasks.Maven_MavenInstallation\TestMaven\conf"/>
    <property name="HOMEDRIVE" value="C:"/>
    <property name="file.separator" value="\"/>
    <property name="java.specification.name" value="Java Platform API Specification"/>
    <property name="java.class.version" value="55.0"/>
    <property name="=::" value="::\"/>
    <property name="org.slf4j.simpleLogger.defaultLogLevel" value="info"/>
    <property name="user.country" value="US"/>
    <property name="ALLUSERSPROFILE" value="C:\ProgramData"/>
    <property name="java.home" value="C:\Program Files\Java\jdk-11.0.10"/>
    <property name="java.vm.info" value="mixed mode"/>
    <property name="os.version" value="10.0"/>
    <property name="RUN_DISPLAY_URL" value="http://localhost:8080/job/AddUser/2/display/redirect"/>
    <property name="POM_VERSION" value="0.0.1-SNAPSHOT"/>
    <property name="TMP" value="C:\Users\pande\AppData\Local\Temp"/>
    <property name="path.separator" value=";"/>
    <property name="RUN_ARTIFACTS_DISPLAY_URL" value="http://localhost:8080/job/AddUser/2/display/redirect?page=artifacts"/>
    <property name="java.vm.version" value="11.0.10+8-LTS-162"/>
    <property name="user.variant" value=""/>
    <property name="CommonProgramFiles(x86)" value="C:\Program Files (x86)\Common Files"/>
    <property name="JOB_DISPLAY_URL" value="http://localhost:8080/job/AddUser/display/redirect"/>
    <property name="USERDOMAIN_ROAMINGPROFILE" value="PANDEY"/>
    <property name="java.awt.printerjob" value="sun.awt.windows.WPrinterJob"/>
    <property name="CommonProgramFiles" value="C:\Program Files\Common Files"/>
    <property name="sun.io.unicode.encoding" value="UnicodeLittle"/>
    <property name="JAVA_HOME" value="C:\Program Files\Java\jdk-11.0.10"/>
    <property name="ComSpec" value="C:\WINDOWS\system32\cmd.exe"/>
    <property name="HOMEPATH" value="\Users\pande"/>
    <property name="awt.toolkit" value="sun.awt.windows.WToolkit"/>
    <property name="POM_PACKAGING" value="jar"/>
    <property name="COMPUTERNAME" value="PANDEY"/>
    <property name="user.script" value=""/>
    <property name="VBOX_MSI_INSTALL_PATH" value="C:\Program Files\Oracle\VirtualBox\"/>
    <property name="POM_GROUPID" value="QA_Touch_Group2"/>
    <property name="user.home" value="C:\Users\pande"/>
    <property name="PUBLIC" value="C:\Users\Public"/>
    <property name="BUILD_TAG" value="jenkins-AddUser-2"/>
    <property name="JENKINS_SERVER_COOKIE" value="284acee7522cb95d"/>
    <property name="HUDSON_URL" value="http://localhost:8080/"/>
    <property name="ProgramData" value="C:\ProgramData"/>
    <property name="java.version.date" value="2021-01-19"/>
    <property name="java.specification.vendor" value="Oracle Corporation"/>
    <property name="USERPROFILE" value="C:\Users\pande"/>
    <property name="CLASSPATH" value=""/>
    <property name="java.library.path" value="C:\Program Files\Java\jdk-11.0.10\bin;C:\WINDOWS\Sun\Java\bin;C:\WINDOWS\system32;C:\WINDOWS;C:\Users\pande\.jenkins\tools\hudson.tasks.Maven_MavenInstallation\TestMaven/bin;C:\Program Files\Java\jdk-11.0.10\bin;D:\Ware\maven\apache-maven-3.8.1\bin;C:\Program Files\Common Files\Oracle\Java\javapath;C:\oraclexe\app\oracle\product\11.2.0\server\bin;C:\WINDOWS\system32;C:\WINDOWS;C:\WINDOWS\System32\Wbem;C:\WINDOWS\System32\WindowsPowerShell\v1.0\;C:\WINDOWS\System32\OpenSSH\;E:\MinGW\bin;C:\Program Files (x86)\Microsoft SQL Server\100\Tools\Binn\;C:\Program Files\Microsoft SQL Server\100\Tools\Binn\;C:\Program Files\Microsoft SQL Server\100\DTS\Binn\;C:\Program Files\Microsoft VS Code\bin;E:\Git\cmd;C:\ProgramData\Oracle\Java\javapath;C:\Program Files\Notepad++;C:\Program Files (x86)\clisp-2.49;C:\Program Files\nodejs\;C:\Program Files\PuTTY\;C:\Users\pande\AppData\Local\Android\sdk\platform-tools\;C:\Users\pande\AppData\Local\Microsoft\WindowsApps;C:\Users\pande\AppData\Local\Microsoft\WindowsApps;C:\Users\pande\AppData\Roaming\npm;;."/>
    <property name="java.vendor.url" value="https://openjdk.java.net/"/>
    <property name="java.vm.vendor" value="Oracle Corporation"/>
    <property name="APPDATA" value="C:\Users\pande\AppData\Roaming"/>
    <property name="java.runtime.name" value="Java(TM) SE Runtime Environment"/>
    <property name="maven.home" value="C:\Users\pande\.jenkins\tools\hudson.tasks.Maven_MavenInstallation\TestMaven"/>
    <property name="java.class.path" value="C:\Users\pande\.jenkins\plugins\maven-plugin\WEB-INF\lib\maven35-agent-1.13.jar;C:\Users\pande\.jenkins\tools\hudson.tasks.Maven_MavenInstallation\TestMaven\boot\plexus-classworlds-2.6.0.jar;C:\Users\pande\.jenkins\tools\hudson.tasks.Maven_MavenInstallation\TestMaven/conf/logging"/>
    <property name="sun.java.command" value="jenkins.maven3.agent.Maven35Main C:\Users\pande\.jenkins\tools\hudson.tasks.Maven_MavenInstallation\TestMaven C:\Users\pande\.jenkins\war\WEB-INF\lib\remoting-4.6.jar C:\Users\pande\.jenkins\plugins\maven-plugin\WEB-INF\lib\maven35-interceptor-1.13.jar C:\Users\pande\.jenkins\plugins\maven-plugin\WEB-INF\lib\maven3-interceptor-commons-1.13.jar 56973"/>
    <property name="Path" value="C:\Program Files\Java\jdk-11.0.10\bin;D:\Ware\maven\apache-maven-3.8.1\bin;C:\Program Files\Common Files\Oracle\Java\javapath;C:\oraclexe\app\oracle\product\11.2.0\server\bin;C:\WINDOWS\system32;C:\WINDOWS;C:\WINDOWS\System32\Wbem;C:\WINDOWS\System32\WindowsPowerShell\v1.0\;C:\WINDOWS\System32\OpenSSH\;E:\MinGW\bin;C:\Program Files (x86)\Microsoft SQL Server\100\Tools\Binn\;C:\Program Files\Microsoft SQL Server\100\Tools\Binn\;C:\Program Files\Microsoft SQL Server\100\DTS\Binn\;C:\Program Files\Microsoft VS Code\bin;E:\Git\cmd;C:\ProgramData\Oracle\Java\javapath;C:\Program Files\Notepad++;C:\Program Files (x86)\clisp-2.49;C:\Program Files\nodejs\;C:\Program Files\PuTTY\;C:\Users\pande\AppData\Local\Android\sdk\platform-tools\;C:\Users\pande\AppData\Local\Microsoft\WindowsApps;C:\Users\pande\AppData\Local\Microsoft\WindowsApps;C:\Users\pande\AppData\Roaming\npm;"/>
    <property name="jdk.debug" value="release"/>
    <property name="PROCESSOR_ARCHITECTURE" value="AMD64"/>
    <property name="java.vm.specification.name" value="Java Virtual Machine Specification"/>
    <property name="SESSIONNAME" value="Console"/>
    <property name="PROCESSOR_IDENTIFIER" value="Intel64 Family 6 Model 142 Stepping 9, GenuineIntel"/>
    <property name="java.vm.specification.version" value="11"/>
    <property name="M2_HOME" value="C:\Users\pande\.jenkins\tools\hudson.tasks.Maven_MavenInstallation\TestMaven"/>
    <property name="sun.cpu.endian" value="little"/>
    <property name="sun.os.patch.level" value=""/>
    <property name="OS" value="Windows_NT"/>
    <property name="=D:" value="D:\Ware\Jenkins"/>
    <property name="java.io.tmpdir" value="C:\Users\pande\AppData\Local\Temp\"/>
    <property name="HUDSON_HOME" value="C:\Users\pande\.jenkins"/>
    <property name="PATH+MAVEN" value="C:\Users\pande\.jenkins\tools\hudson.tasks.Maven_MavenInstallation\TestMaven/bin"/>
    <property name="ProgramFiles(x86)" value="C:\Program Files (x86)"/>
    <property name="java.vendor.url.bug" value="https://bugreport.java.com/bugreport/"/>
    <property name="BUILD_URL" value="http://localhost:8080/job/AddUser/2/"/>
    <property name="SystemRoot" value="C:\WINDOWS"/>
    <property name="os.arch" value="amd64"/>
    <property name="java.awt.graphicsenv" value="sun.awt.Win32GraphicsEnvironment"/>
    <property name="user.dir" value="E:\QA_Touch\QA_Touch_v1"/>
    <property name="JOB_URL" value="http://localhost:8080/job/AddUser/"/>
    <property name="LOGONSERVER" value="\\PANDEY"/>
    <property name="USERDOMAIN" value="PANDEY"/>
    <property name="MAVEN_HOME" value="C:\Users\pande\.jenkins\tools\hudson.tasks.Maven_MavenInstallation\TestMaven"/>
    <property name="line.separator" value="&#10;"/>
    <property name="java.vm.name" value="Java HotSpot(TM) 64-Bit Server VM"/>
    <property name="BUILD_NUMBER" value="2"/>
    <property name="PROCESSOR_REVISION" value="8e09"/>
    <property name="JENKINS_URL" value="http://localhost:8080/"/>
    <property name="ProgramW6432" value="C:\Program Files"/>
    <property name="windir" value="C:\WINDOWS"/>
    <property name="=C:" value="C:\Users\pande"/>
    <property name="file.encoding" value="Cp1252"/>
    <property name="SystemDrive" value="C:"/>
    <property name="maven3.interceptor" value="C:\Users\pande\.jenkins\plugins\maven-plugin\WEB-INF\lib\maven35-interceptor-1.13.jar"/>
    <property name="WORKSPACE_TMP" value="C:\Users\pande\.jenkins\workspace\AddUser@tmp"/>
    <property name="WORKSPACE" value="C:\Users\pande\.jenkins\workspace\AddUser"/>
    <property name="maven3.interceptor.common" value="C:\Users\pande\.jenkins\plugins\maven-plugin\WEB-INF\lib\maven3-interceptor-commons-1.13.jar"/>
    <property name="PSModulePath" value="C:\Program Files\WindowsPowerShell\Modules;C:\WINDOWS\system32\WindowsPowerShell\v1.0\Modules"/>
    <property name="java.specification.version" value="11"/>
    <property name="DriverData" value="C:\Windows\System32\Drivers\DriverData"/>
    <property name="java.vendor.version" value="18.9"/>
  </properties>
  <testcase name="add a new user" classname="Title of your feature" time="133.74"/>
</testsuite>